# JRE version: Java(TM) SE Runtime Environment (8.0_181-b13) (build 1.8.0_181-b13)
# Java VM: Java HotSpot(TM) 64-Bit Server VM (25.181-b13 mixed mode windows-amd64 compressed oops)
Heap:
 PSYoungGen      total 369664K, used 283982K [0x000000076b300000, 0x0000000783e80000, 0x00000007c0000000)
  eden space 345600K, 75% used [0x000000076b300000,0x000000077b0d7eb0,0x0000000780480000)
  from space 24064K, 99% used [0x0000000782300000,0x0000000783a7bae8,0x0000000783a80000)
  to   space 29696K, 0% used [0x0000000780480000,0x0000000780480000,0x0000000782180000)
 ParOldGen       total 213504K, used 32397K [0x00000006c1800000, 0x00000006ce880000, 0x000000076b300000)
  object space 213504K, 15% used [0x00000006c1800000,0x00000006c37a3680,0x00000006ce880000)
 Metaspace       used 90712K, capacity 96036K, committed 96344K, reserved 1132544K
  class space    used 11960K, capacity 13131K, committed 13184K, reserved 1048576K
GC Heap History (10 events):
Event: 6.232 GC heap before
{Heap before GC invocations=11 (full 2):
 PSYoungGen      total 228352K, used 228336K [0x000000076b300000, 0x000000077ab80000, 0x00000007c0000000)
  eden space 213504K, 100% used [0x000000076b300000,0x0000000778380000,0x0000000778380000)
  from space 14848K, 99% used [0x0000000779580000,0x000000077a3fc018,0x000000077a400000)
  to   space 18432K, 0% used [0x0000000778380000,0x0000000778380000,0x0000000779580000)
 ParOldGen       total 163840K, used 18866K [0x00000006c1800000, 0x00000006cb800000, 0x000000076b300000)
  object space 163840K, 11% used [0x00000006c1800000,0x00000006c2a6c920,0x00000006cb800000)
 Metaspace       used 55583K, capacity 57884K, committed 58072K, reserved 1099776K
  class space    used 7190K, capacity 7640K, committed 7680K, reserved 1048576K
Event: 6.251 GC heap after
Heap after GC invocations=11 (full 2):
 PSYoungGen      total 231936K, used 18429K [0x000000076b300000, 0x000000077e180000, 0x00000007c0000000)
  eden space 213504K, 0% used [0x000000076b300000,0x000000076b300000,0x0000000778380000)
  from space 18432K, 99% used [0x0000000778380000,0x000000077957f458,0x0000000779580000)
  to   space 22016K, 0% used [0x000000077cc00000,0x000000077cc00000,0x000000077e180000)
 ParOldGen       total 163840K, used 21395K [0x00000006c1800000, 0x00000006cb800000, 0x000000076b300000)
  object space 163840K, 13% used [0x00000006c1800000,0x00000006c2ce4e88,0x00000006cb800000)
 Metaspace       used 55583K, capacity 57884K, committed 58072K, reserved 1099776K
  class space    used 7190K, capacity 7640K, committed 7680K, reserved 1048576K
}
Event: 6.332 GC heap before
{Heap before GC invocations=12 (full 2):
 PSYoungGen      total 231936K, used 28116K [0x000000076b300000, 0x000000077e180000, 0x00000007c0000000)
  eden space 213504K, 4% used [0x000000076b300000,0x000000076bc75d30,0x0000000778380000)
  from space 18432K, 99% used [0x0000000778380000,0x000000077957f458,0x0000000779580000)
  to   space 22016K, 0% used [0x000000077cc00000,0x000000077cc00000,0x000000077e180000)
 ParOldGen       total 163840K, used 21395K [0x00000006c1800000, 0x00000006cb800000, 0x000000076b300000)
  object space 163840K, 13% used [0x00000006c1800000,0x00000006c2ce4e88,0x00000006cb800000)
 Metaspace       used 56481K, capacity 58754K, committed 58968K, reserved 1099776K
  class space    used 7303K, capacity 7737K, committed 7808K, reserved 1048576K
Event: 6.341 GC heap after
Heap after GC invocations=12 (full 2):
 PSYoungGen      total 286720K, used 15807K [0x000000076b300000, 0x0000000780000000, 0x00000007c0000000)
  eden space 264704K, 0% used [0x000000076b300000,0x000000076b300000,0x000000077b580000)
  from space 22016K, 71% used [0x000000077cc00000,0x000000077db6fe80,0x000000077e180000)
  to   space 23040K, 0% used [0x000000077b580000,0x000000077b580000,0x000000077cc00000)
 ParOldGen       total 163840K, used 21403K [0x00000006c1800000, 0x00000006cb800000, 0x000000076b300000)
  object space 163840K, 13% used [0x00000006c1800000,0x00000006c2ce6e88,0x00000006cb800000)
 Metaspace       used 56481K, capacity 58754K, committed 58968K, reserved 1099776K
  class space    used 7303K, capacity 7737K, committed 7808K, reserved 1048576K
}
Event: 6.341 GC heap before
{Heap before GC invocations=13 (full 3):
 PSYoungGen      total 286720K, used 15807K [0x000000076b300000, 0x0000000780000000, 0x00000007c0000000)
  eden space 264704K, 0% used [0x000000076b300000,0x000000076b300000,0x000000077b580000)
  from space 22016K, 71% used [0x000000077cc00000,0x000000077db6fe80,0x000000077e180000)
  to   space 23040K, 0% used [0x000000077b580000,0x000000077b580000,0x000000077cc00000)
 ParOldGen       total 163840K, used 21403K [0x00000006c1800000, 0x00000006cb800000, 0x000000076b300000)
  object space 163840K, 13% used [0x00000006c1800000,0x00000006c2ce6e88,0x00000006cb800000)
 Metaspace       used 56481K, capacity 58754K, committed 58968K, reserved 1099776K
  class space    used 7303K, capacity 7737K, committed 7808K, reserved 1048576K
Event: 6.448 GC heap after
Heap after GC invocations=13 (full 3):
 PSYoungGen      total 286720K, used 0K [0x000000076b300000, 0x0000000780000000, 0x00000007c0000000)
  eden space 264704K, 0% used [0x000000076b300000,0x000000076b300000,0x000000077b580000)
  from space 22016K, 0% used [0x000000077cc00000,0x000000077cc00000,0x000000077e180000)
  to   space 23040K, 0% used [0x000000077b580000,0x000000077b580000,0x000000077cc00000)
 ParOldGen       total 213504K, used 26726K [0x00000006c1800000, 0x00000006ce880000, 0x000000076b300000)
  object space 213504K, 12% used [0x00000006c1800000,0x00000006c3219ab8,0x00000006ce880000)
 Metaspace       used 56481K, capacity 58754K, committed 58968K, reserved 1099776K
  class space    used 7303K, capacity 7737K, committed 7808K, reserved 1048576K
}
Event: 8.592 GC heap before
{Heap before GC invocations=14 (full 3):
 PSYoungGen      total 286720K, used 264704K [0x000000076b300000, 0x0000000780000000, 0x00000007c0000000)
  eden space 264704K, 100% used [0x000000076b300000,0x000000077b580000,0x000000077b580000)
  from space 22016K, 0% used [0x000000077cc00000,0x000000077cc00000,0x000000077e180000)
  to   space 23040K, 0% used [0x000000077b580000,0x000000077b580000,0x000000077cc00000)
 ParOldGen       total 213504K, used 26726K [0x00000006c1800000, 0x00000006ce880000, 0x000000076b300000)
  object space 213504K, 12% used [0x00000006c1800000,0x00000006c3219ab8,0x00000006ce880000)
 Metaspace       used 70010K, capacity 73088K, committed 73304K, reserved 1112064K
  class space    used 9282K, capacity 9830K, committed 9856K, reserved 1048576K
Event: 8.612 GC heap after
Heap after GC invocations=14 (full 3):
 PSYoungGen      total 287744K, used 18214K [0x000000076b300000, 0x0000000783a80000, 0x00000007c0000000)
  eden space 264704K, 0% used [0x000000076b300000,0x000000076b300000,0x000000077b580000)
  from space 23040K, 79% used [0x000000077b580000,0x000000077c749a80,0x000000077cc00000)
  to   space 24064K, 0% used [0x0000000782300000,0x0000000782300000,0x0000000783a80000)
 ParOldGen       total 213504K, used 26734K [0x00000006c1800000, 0x00000006ce880000, 0x000000076b300000)
  object space 213504K, 12% used [0x00000006c1800000,0x00000006c321bab8,0x00000006ce880000)
 Metaspace       used 70010K, capacity 73088K, committed 73304K, reserved 1112064K
  class space    used 9282K, capacity 9830K, committed 9856K, reserved 1048576K
}
Event: 11.599 GC heap before
{Heap before GC invocations=15 (full 3):
 PSYoungGen      total 287744K, used 282918K [0x000000076b300000, 0x0000000783a80000, 0x00000007c0000000)
  eden space 264704K, 100% used [0x000000076b300000,0x000000077b580000,0x000000077b580000)
  from space 23040K, 79% used [0x000000077b580000,0x000000077c749a80,0x000000077cc00000)
  to   space 24064K, 0% used [0x0000000782300000,0x0000000782300000,0x0000000783a80000)
 ParOldGen       total 213504K, used 26734K [0x00000006c1800000, 0x00000006ce880000, 0x000000076b300000)
  object space 213504K, 12% used [0x00000006c1800000,0x00000006c321bab8,0x00000006ce880000)
 Metaspace       used 83924K, capacity 88242K, committed 88536K, reserved 1126400K
  class space    used 11269K, capacity 12182K, committed 12288K, reserved 1048576K
Event: 11.629 GC heap after
Heap after GC invocations=15 (full 3):
 PSYoungGen      total 369664K, used 24046K [0x000000076b300000, 0x0000000783e80000, 0x00000007c0000000)
  eden space 345600K, 0% used [0x000000076b300000,0x000000076b300000,0x0000000780480000)
  from space 24064K, 99% used [0x0000000782300000,0x0000000783a7bae8,0x0000000783a80000)
  to   space 29696K, 0% used [0x0000000780480000,0x0000000780480000,0x0000000782180000)
 ParOldGen       total 213504K, used 32397K [0x00000006c1800000, 0x00000006ce880000, 0x000000076b300000)
  object space 213504K, 15% used [0x00000006c1800000,0x00000006c37a3680,0x00000006ce880000)
 Metaspace       used 83924K, capacity 88242K, committed 88536K, reserved 1126400K
  class space    used 11269K, capacity 12182K, committed 12288K, reserved 1048576K
}

