# JRE version: Java(TM) SE Runtime Environment (8.0_181-b13) (build 1.8.0_181-b13)
# Java VM: Java HotSpot(TM) 64-Bit Server VM (25.181-b13 mixed mode windows-amd64 compressed oops)
Heap:
 PSYoungGen      total 292352K, used 263286K [0x000000076b300000, 0x0000000784800000, 0x00000007c0000000)
  eden space 269824K, 91% used [0x000000076b300000,0x000000077a2f0898,0x000000077ba80000)
  from space 22528K, 78% used [0x000000077ba80000,0x000000077cbad098,0x000000077d080000)
  to   space 23552K, 0% used [0x0000000783100000,0x0000000783100000,0x0000000784800000)
 ParOldGen       total 204288K, used 26313K [0x00000006c1800000, 0x00000006cdf80000, 0x000000076b300000)
  object space 204288K, 12% used [0x00000006c1800000,0x00000006c31b24e0,0x00000006cdf80000)
 Metaspace       used 81728K, capacity 85538K, committed 85720K, reserved 1124352K
  class space    used 10922K, capacity 11759K, committed 11776K, reserved 1048576K
GC Heap History (10 events):
Event: 4.599 GC heap before
{Heap before GC invocations=10 (full 2):
 PSYoungGen      total 167424K, used 165465K [0x000000076b300000, 0x000000077a780000, 0x00000007c0000000)
  eden space 153600K, 100% used [0x000000076b300000,0x0000000774900000,0x0000000774900000)
  from space 13824K, 85% used [0x0000000774900000,0x0000000775496648,0x0000000775680000)
  to   space 14848K, 0% used [0x0000000779900000,0x0000000779900000,0x000000077a780000)
 ParOldGen       total 159744K, used 14184K [0x00000006c1800000, 0x00000006cb400000, 0x000000076b300000)
  object space 159744K, 8% used [0x00000006c1800000,0x00000006c25da2b0,0x00000006cb400000)
 Metaspace       used 45750K, capacity 47558K, committed 47832K, reserved 1091584K
  class space    used 5777K, capacity 6091K, committed 6144K, reserved 1048576K
Event: 4.612 GC heap after
Heap after GC invocations=10 (full 2):
 PSYoungGen      total 231936K, used 14819K [0x000000076b300000, 0x000000077ac80000, 0x00000007c0000000)
  eden space 217088K, 0% used [0x000000076b300000,0x000000076b300000,0x0000000778700000)
  from space 14848K, 99% used [0x0000000779900000,0x000000077a778d48,0x000000077a780000)
  to   space 18432K, 0% used [0x0000000778700000,0x0000000778700000,0x0000000779900000)
 ParOldGen       total 159744K, used 18185K [0x00000006c1800000, 0x00000006cb400000, 0x000000076b300000)
  object space 159744K, 11% used [0x00000006c1800000,0x00000006c29c2598,0x00000006cb400000)
 Metaspace       used 45750K, capacity 47558K, committed 47832K, reserved 1091584K
  class space    used 5777K, capacity 6091K, committed 6144K, reserved 1048576K
}
Event: 6.066 GC heap before
{Heap before GC invocations=11 (full 2):
 PSYoungGen      total 231936K, used 231907K [0x000000076b300000, 0x000000077ac80000, 0x00000007c0000000)
  eden space 217088K, 100% used [0x000000076b300000,0x0000000778700000,0x0000000778700000)
  from space 14848K, 99% used [0x0000000779900000,0x000000077a778d48,0x000000077a780000)
  to   space 18432K, 0% used [0x0000000778700000,0x0000000778700000,0x0000000779900000)
 ParOldGen       total 159744K, used 18185K [0x00000006c1800000, 0x00000006cb400000, 0x000000076b300000)
  object space 159744K, 11% used [0x00000006c1800000,0x00000006c29c2598,0x00000006cb400000)
 Metaspace       used 55957K, capacity 58232K, committed 58584K, reserved 1099776K
  class space    used 7217K, capacity 7632K, committed 7680K, reserved 1048576K
Event: 6.086 GC heap after
Heap after GC invocations=11 (full 2):
 PSYoungGen      total 235520K, used 18428K [0x000000076b300000, 0x000000077e600000, 0x00000007c0000000)
  eden space 217088K, 0% used [0x000000076b300000,0x000000076b300000,0x0000000778700000)
  from space 18432K, 99% used [0x0000000778700000,0x00000007798ff3b0,0x0000000779900000)
  to   space 22016K, 0% used [0x000000077d080000,0x000000077d080000,0x000000077e600000)
 ParOldGen       total 159744K, used 20497K [0x00000006c1800000, 0x00000006cb400000, 0x000000076b300000)
  object space 159744K, 12% used [0x00000006c1800000,0x00000006c2c04470,0x00000006cb400000)
 Metaspace       used 55957K, capacity 58232K, committed 58584K, reserved 1099776K
  class space    used 7217K, capacity 7632K, committed 7680K, reserved 1048576K
}
Event: 6.145 GC heap before
{Heap before GC invocations=12 (full 2):
 PSYoungGen      total 235520K, used 28051K [0x000000076b300000, 0x000000077e600000, 0x00000007c0000000)
  eden space 217088K, 4% used [0x000000076b300000,0x000000076bc65ad8,0x0000000778700000)
  from space 18432K, 99% used [0x0000000778700000,0x00000007798ff3b0,0x0000000779900000)
  to   space 22016K, 0% used [0x000000077d080000,0x000000077d080000,0x000000077e600000)
 ParOldGen       total 159744K, used 20497K [0x00000006c1800000, 0x00000006cb400000, 0x000000076b300000)
  object space 159744K, 12% used [0x00000006c1800000,0x00000006c2c04470,0x00000006cb400000)
 Metaspace       used 56518K, capacity 58750K, committed 58968K, reserved 1099776K
  class space    used 7292K, capacity 7697K, committed 7808K, reserved 1048576K
Event: 6.155 GC heap after
Heap after GC invocations=12 (full 2):
 PSYoungGen      total 291840K, used 15728K [0x000000076b300000, 0x0000000780880000, 0x00000007c0000000)
  eden space 269824K, 0% used [0x000000076b300000,0x000000076b300000,0x000000077ba80000)
  from space 22016K, 71% used [0x000000077d080000,0x000000077dfdc380,0x000000077e600000)
  to   space 22528K, 0% used [0x000000077ba80000,0x000000077ba80000,0x000000077d080000)
 ParOldGen       total 159744K, used 20505K [0x00000006c1800000, 0x00000006cb400000, 0x000000076b300000)
  object space 159744K, 12% used [0x00000006c1800000,0x00000006c2c06470,0x00000006cb400000)
 Metaspace       used 56518K, capacity 58750K, committed 58968K, reserved 1099776K
  class space    used 7292K, capacity 7697K, committed 7808K, reserved 1048576K
}
Event: 6.155 GC heap before
{Heap before GC invocations=13 (full 3):
 PSYoungGen      total 291840K, used 15728K [0x000000076b300000, 0x0000000780880000, 0x00000007c0000000)
  eden space 269824K, 0% used [0x000000076b300000,0x000000076b300000,0x000000077ba80000)
  from space 22016K, 71% used [0x000000077d080000,0x000000077dfdc380,0x000000077e600000)
  to   space 22528K, 0% used [0x000000077ba80000,0x000000077ba80000,0x000000077d080000)
 ParOldGen       total 159744K, used 20505K [0x00000006c1800000, 0x00000006cb400000, 0x000000076b300000)
  object space 159744K, 12% used [0x00000006c1800000,0x00000006c2c06470,0x00000006cb400000)
 Metaspace       used 56518K, capacity 58750K, committed 58968K, reserved 1099776K
  class space    used 7292K, capacity 7697K, committed 7808K, reserved 1048576K
Event: 6.254 GC heap after
Heap after GC invocations=13 (full 3):
 PSYoungGen      total 291840K, used 0K [0x000000076b300000, 0x0000000780880000, 0x00000007c0000000)
  eden space 269824K, 0% used [0x000000076b300000,0x000000076b300000,0x000000077ba80000)
  from space 22016K, 0% used [0x000000077d080000,0x000000077d080000,0x000000077e600000)
  to   space 22528K, 0% used [0x000000077ba80000,0x000000077ba80000,0x000000077d080000)
 ParOldGen       total 204288K, used 26305K [0x00000006c1800000, 0x00000006cdf80000, 0x000000076b300000)
  object space 204288K, 12% used [0x00000006c1800000,0x00000006c31b04e0,0x00000006cdf80000)
 Metaspace       used 56518K, capacity 58750K, committed 58968K, reserved 1099776K
  class space    used 7292K, capacity 7697K, committed 7808K, reserved 1048576K
}
Event: 8.231 GC heap before
{Heap before GC invocations=14 (full 3):
 PSYoungGen      total 291840K, used 269824K [0x000000076b300000, 0x0000000780880000, 0x00000007c0000000)
  eden space 269824K, 100% used [0x000000076b300000,0x000000077ba80000,0x000000077ba80000)
  from space 22016K, 0% used [0x000000077d080000,0x000000077d080000,0x000000077e600000)
  to   space 22528K, 0% used [0x000000077ba80000,0x000000077ba80000,0x000000077d080000)
 ParOldGen       total 204288K, used 26305K [0x00000006c1800000, 0x00000006cdf80000, 0x000000076b300000)
  object space 204288K, 12% used [0x00000006c1800000,0x00000006c31b04e0,0x00000006cdf80000)
 Metaspace       used 69450K, capacity 72494K, committed 72792K, reserved 1112064K
  class space    used 9198K, capacity 9735K, committed 9856K, reserved 1048576K
Event: 8.248 GC heap after
Heap after GC invocations=14 (full 3):
 PSYoungGen      total 292352K, used 17588K [0x000000076b300000, 0x0000000784800000, 0x00000007c0000000)
  eden space 269824K, 0% used [0x000000076b300000,0x000000076b300000,0x000000077ba80000)
  from space 22528K, 78% used [0x000000077ba80000,0x000000077cbad098,0x000000077d080000)
  to   space 23552K, 0% used [0x0000000783100000,0x0000000783100000,0x0000000784800000)
 ParOldGen       total 204288K, used 26313K [0x00000006c1800000, 0x00000006cdf80000, 0x000000076b300000)
  object space 204288K, 12% used [0x00000006c1800000,0x00000006c31b24e0,0x00000006cdf80000)
 Metaspace       used 69450K, capacity 72494K, committed 72792K, reserved 1112064K
  class space    used 9198K, capacity 9735K, committed 9856K, reserved 1048576K
}

